生成启动时间为 2023/1/7 19:49:35。
     1>项目“L:\C语言刷题\C-\1.7\prog1\prog1\prog1.vcxproj”在节点 2 上(build 个目标)。
     1>InitializeBuildStatus:
         正在创建“Debug\prog1.unsuccessfulbuild”，因为已指定“AlwaysCreate”。
       ClCompile:
         D:\VC2010\VC\bin\CL.exe /c /ZI /nologo /W3 /WX- /Od /Oy- /D WIN32 /D _DEBUG /D _CONSOLE /D _UNICODE /D UNICODE /Gm /EHsc /RTC1 /MDd /GS /fp:precise /Zc:wchar_t /Zc:forScope /Fo"Debug\\" /Fd"Debug\vc100.pdb" /Gd /TC /analyze- /errorReport:prompt ..\prog1.c
         prog1.c
     1>l:\c语言刷题\c-\1.7\prog1\prog1.c : warning C4819: 该文件包含不能在当前代码页(936)中表示的字符。请将该文件保存为 Unicode 格式以防止数据丢失
     1>l:\c语言刷题\c-\1.7\prog1\prog1.c(33): warning C4996: 'gets': This function or variable may be unsafe. Consider using gets_s instead. To disable deprecation, use _CRT_SECURE_NO_WARNINGS. See online help for details.
                 d:\vc2010\vc\include\stdio.h(277) : 参见“gets”的声明
     1>l:\c语言刷题\c-\1.7\prog1\prog1.c(35): warning C4996: 'gets': This function or variable may be unsafe. Consider using gets_s instead. To disable deprecation, use _CRT_SECURE_NO_WARNINGS. See online help for details.
                 d:\vc2010\vc\include\stdio.h(277) : 参见“gets”的声明
     1>l:\c语言刷题\c-\1.7\prog1\prog1.c(41): warning C4996: 'fopen': This function or variable may be unsafe. Consider using fopen_s instead. To disable deprecation, use _CRT_SECURE_NO_WARNINGS. See online help for details.
                 d:\vc2010\vc\include\stdio.h(234) : 参见“fopen”的声明
       ManifestResourceCompile:
         C:\Program Files (x86)\Microsoft SDKs\Windows\v7.0A\bin\rc.exe /nologo /fo"Debug\prog1.exe.embed.manifest.res" Debug\prog1_manifest.rc 
       Link:
         D:\VC2010\VC\bin\link.exe /ERRORREPORT:PROMPT /OUT:"L:\C语言刷题\C-\1.7\prog1\Debug\prog1.exe" /INCREMENTAL /NOLOGO kernel32.lib user32.lib gdi32.lib winspool.lib comdlg32.lib advapi32.lib shell32.lib ole32.lib oleaut32.lib uuid.lib odbc32.lib odbccp32.lib /MANIFEST /ManifestFile:"Debug\prog1.exe.intermediate.manifest" /MANIFESTUAC:"level='asInvoker' uiAccess='false'" /DEBUG /PDB:"L:\C语言刷题\C-\1.7\prog1\Debug\prog1.pdb" /SUBSYSTEM:CONSOLE /TLBID:1 /DYNAMICBASE /NXCOMPAT /IMPLIB:"L:\C语言刷题\C-\1.7\prog1\Debug\prog1.lib" /MACHINE:X86 Debug\prog1.exe.embed.manifest.res
         Debug\prog1.obj
       Manifest:
         C:\Program Files (x86)\Microsoft SDKs\Windows\v7.0A\bin\mt.exe /nologo /verbose /out:"Debug\prog1.exe.embed.manifest" /manifest Debug\prog1.exe.intermediate.manifest
         所有输出均为最新。
       LinkEmbedManifest:
         D:\VC2010\VC\bin\link.exe /ERRORREPORT:PROMPT /OUT:"L:\C语言刷题\C-\1.7\prog1\Debug\prog1.exe" /INCREMENTAL /NOLOGO kernel32.lib user32.lib gdi32.lib winspool.lib comdlg32.lib advapi32.lib shell32.lib ole32.lib oleaut32.lib uuid.lib odbc32.lib odbccp32.lib /MANIFEST /ManifestFile:"Debug\prog1.exe.intermediate.manifest" /MANIFESTUAC:"level='asInvoker' uiAccess='false'" /DEBUG /PDB:"L:\C语言刷题\C-\1.7\prog1\Debug\prog1.pdb" /SUBSYSTEM:CONSOLE /TLBID:1 /DYNAMICBASE /NXCOMPAT /IMPLIB:"L:\C语言刷题\C-\1.7\prog1\Debug\prog1.lib" /MACHINE:X86 Debug\prog1.exe.embed.manifest.res
         Debug\prog1.obj
         prog1.vcxproj -> L:\C语言刷题\C-\1.7\prog1\Debug\prog1.exe
       FinalizeBuildStatus:
         正在删除文件“Debug\prog1.unsuccessfulbuild”。
         正在对“Debug\prog1.lastbuildstate”执行 Touch 任务。
     1>已完成生成项目“L:\C语言刷题\C-\1.7\prog1\prog1\prog1.vcxproj”(build 个目标)的操作。

生成成功。

已用时间 00:00:00.43
