生成启动时间为 2023/1/19 10:32:45。
     1>项目“D:\新建文件夹\VC2010学习\二步转换法\二步转换法\二步转换法.vcxproj”在节点 2 上(build 个目标)。
     1>PrepareForBuild:
         正在创建目录“D:\新建文件夹\VC2010学习\二步转换法\Debug\”。
       InitializeBuildStatus:
         正在创建“Debug\二步转换法.unsuccessfulbuild”，因为已指定“AlwaysCreate”。
       ClCompile:
         D:\VC2010\VC\bin\CL.exe /c /ZI /nologo /W3 /WX- /Od /Oy- /D _UNICODE /D UNICODE /Gm /EHsc /RTC1 /MDd /GS /fp:precise /Zc:wchar_t /Zc:forScope /Fo"Debug\\" /Fd"Debug\vc100.pdb" /Gd /TP /analyze- /errorReport:prompt REVERSED.cpp
         REVERSED.cpp
     1>d:\新建文件夹\vc2010学习\二步转换法\二步转换法\reversed.cpp(20): warning C4996: 'gets': This function or variable may be unsafe. Consider using gets_s instead. To disable deprecation, use _CRT_SECURE_NO_WARNINGS. See online help for details.
                 d:\vc2010\vc\include\stdio.h(277) : 参见“gets”的声明
       Link:
         D:\VC2010\VC\bin\link.exe /ERRORREPORT:PROMPT /OUT:"D:\新建文件夹\VC2010学习\二步转换法\Debug\二步转换法.exe" /NOLOGO kernel32.lib user32.lib gdi32.lib winspool.lib comdlg32.lib advapi32.lib shell32.lib ole32.lib oleaut32.lib uuid.lib odbc32.lib odbccp32.lib /MANIFEST /ManifestFile:"Debug\二步转换法.exe.intermediate.manifest" /MANIFESTUAC:"level='asInvoker' uiAccess='false'" /DEBUG /PDB:"D:\新建文件夹\VC2010学习\二步转换法\Debug\二步转换法.pdb" /TLBID:1 /DYNAMICBASE /NXCOMPAT /IMPLIB:"D:\新建文件夹\VC2010学习\二步转换法\Debug\二步转换法.lib" /MACHINE:X86 Debug\REVERSED.obj
         二步转换法.vcxproj -> D:\新建文件夹\VC2010学习\二步转换法\Debug\二步转换法.exe
       Manifest:
         C:\Program Files (x86)\Microsoft SDKs\Windows\v7.0A\bin\mt.exe /nologo /verbose /outputresource:"D:\新建文件夹\VC2010学习\二步转换法\Debug\二步转换法.exe;#1" /manifest "Debug\二步转换法.exe.intermediate.manifest"
       FinalizeBuildStatus:
         正在删除文件“Debug\二步转换法.unsuccessfulbuild”。
         正在对“Debug\二步转换法.lastbuildstate”执行 Touch 任务。
     1>已完成生成项目“D:\新建文件夹\VC2010学习\二步转换法\二步转换法\二步转换法.vcxproj”(build 个目标)的操作。

生成成功。

已用时间 00:00:01.03
